/Users/fs/Library/Python/3.9/lib/python/site-packages/urllib3/__init__.py:35: NotOpenSSLWarning: urllib3 v2 only supports OpenSSL 1.1.1+, currently the 'ssl' module is compiled with 'LibreSSL 2.8.3'. See: https://github.com/urllib3/urllib3/issues/3020
  warnings.warn(
[DAEMON] Mass Outreach Engine Started. Interval: 180s
[2026-03-16 15:43:42] DAEMON_STARTED
[2026-03-16 15:43:45] STATUS_SENT: Sent to Athlete (business@athlete94strength.com)
[2026-03-16 15:47:06] STATUS_SENT: Sent to Pro (business@pro10performance.com)
[2026-03-16 15:50:28] STATUS_SENT: Sent to Athlete (business@athlete27performance.com)
[2026-03-16 15:53:30] STATUS_SENT: Sent to Speed (business@speed58performance.com)
[2026-03-16 15:56:32] STATUS_SENT: Sent to Pro (business@pro14strength.com)
[2026-03-16 15:59:33] STATUS_SENT: Sent to Coach (business@coach86lab.com)
[2026-03-16 16:02:35] STATUS_SENT: Sent to Coach (business@coach94performance.com)
[2026-03-16 16:05:37] STATUS_SENT: Sent to Coach (coach83strength@gmail.com)
[DAEMON] Queue empty. Sleeping for 60s...
[DAEMON] Queue empty. Sleeping for 60s...
[DAEMON] Queue empty. Sleeping for 60s...
[DAEMON] Queue empty. Sleeping for 60s...
[DAEMON] Queue empty. Sleeping for 60s...
[DAEMON] Queue empty. Sleeping for 60s...
[DAEMON] Queue empty. Sleeping for 60s...
[DAEMON] Queue empty. Sleeping for 60s...
[DAEMON] Queue empty. Sleeping for 60s...
[DAEMON] Queue empty. Sleeping for 60s...
[DAEMON] Queue empty. Sleeping for 60s...
[DAEMON] Queue empty. Sleeping for 60s...
[DAEMON] Queue empty. Sleeping for 60s...
[DAEMON] Queue empty. Sleeping for 60s...
[DAEMON] Queue empty. Sleeping for 60s...
[DAEMON] Queue empty. Sleeping for 60s...
[DAEMON] Queue empty. Sleeping for 60s...
[DAEMON] Queue empty. Sleeping for 60s...
[DAEMON] Queue empty. Sleeping for 60s...
[DAEMON] Queue empty. Sleeping for 60s...
[DAEMON] Queue empty. Sleeping for 60s...
[DAEMON] Queue empty. Sleeping for 60s...
[DAEMON] Queue empty. Sleeping for 60s...
[DAEMON] Queue empty. Sleeping for 60s...
[DAEMON] Queue empty. Sleeping for 60s...
[DAEMON] Queue empty. Sleeping for 60s...
[DAEMON] Queue empty. Sleeping for 60s...
[DAEMON] Queue empty. Sleeping for 60s...
[DAEMON] Queue empty. Sleeping for 60s...
[DAEMON] Queue empty. Sleeping for 60s...
[DAEMON] Queue empty. Sleeping for 60s...
[DAEMON] Queue empty. Sleeping for 60s...
[DAEMON] Queue empty. Sleeping for 60s...
[DAEMON] Queue empty. Sleeping for 60s...
[DAEMON] Queue empty. Sleeping for 60s...
[DAEMON] Queue empty. Sleeping for 60s...
[DAEMON] Queue empty. Sleeping for 60s...
[DAEMON] Queue empty. Sleeping for 60s...
[DAEMON] Queue empty. Sleeping for 60s...
[DAEMON] Queue empty. Sleeping for 60s...
[DAEMON] Queue empty. Sleeping for 60s...
[DAEMON] Queue empty. Sleeping for 60s...
[DAEMON] Queue empty. Sleeping for 60s...
[DAEMON] Queue empty. Sleeping for 60s...
[DAEMON] Queue empty. Sleeping for 60s...
[DAEMON] Queue empty. Sleeping for 60s...
[DAEMON] Queue empty. Sleeping for 60s...
[DAEMON] Queue empty. Sleeping for 60s...
[DAEMON] Queue empty. Sleeping for 60s...
[DAEMON] Queue empty. Sleeping for 60s...
[DAEMON] Queue empty. Sleeping for 60s...
[DAEMON] Queue empty. Sleeping for 60s...
[DAEMON] Queue empty. Sleeping for 60s...
[DAEMON] Queue empty. Sleeping for 60s...
[DAEMON] Queue empty. Sleeping for 60s...
[DAEMON] Queue empty. Sleeping for 60s...
[DAEMON] Queue empty. Sleeping for 60s...
[DAEMON] Queue empty. Sleeping for 60s...
[DAEMON] Queue empty. Sleeping for 60s...
[DAEMON] Queue empty. Sleeping for 60s...
[DAEMON] Queue empty. Sleeping for 60s...
[DAEMON] Queue empty. Sleeping for 60s...
[DAEMON] Queue empty. Sleeping for 60s...
[DAEMON] Queue empty. Sleeping for 60s...
[DAEMON] Queue empty. Sleeping for 60s...
[DAEMON] Queue empty. Sleeping for 60s...
[DAEMON] Queue empty. Sleeping for 60s...
[DAEMON] Queue empty. Sleeping for 60s...
[DAEMON] Queue empty. Sleeping for 60s...
[DAEMON] Queue empty. Sleeping for 60s...
[DAEMON] Queue empty. Sleeping for 60s...
[DAEMON] Queue empty. Sleeping for 60s...
[DAEMON] Queue empty. Sleeping for 60s...
[DAEMON] Queue empty. Sleeping for 60s...
[DAEMON] Queue empty. Sleeping for 60s...
[DAEMON] Queue empty. Sleeping for 60s...
[DAEMON] Queue empty. Sleeping for 60s...
[DAEMON] Queue empty. Sleeping for 60s...
[DAEMON] Queue empty. Sleeping for 60s...
[DAEMON] Queue empty. Sleeping for 60s...
[DAEMON] Queue empty. Sleeping for 60s...
[DAEMON] Queue empty. Sleeping for 60s...
[DAEMON] Queue empty. Sleeping for 60s...
[DAEMON] Queue empty. Sleeping for 60s...
[DAEMON] Queue empty. Sleeping for 60s...
[DAEMON] Queue empty. Sleeping for 60s...
[DAEMON] Queue empty. Sleeping for 60s...
[DAEMON] Queue empty. Sleeping for 60s...
[DAEMON] Queue empty. Sleeping for 60s...
[DAEMON] Queue empty. Sleeping for 60s...
[DAEMON] Queue empty. Sleeping for 60s...
[DAEMON] Queue empty. Sleeping for 60s...
[DAEMON] Queue empty. Sleeping for 60s...
[DAEMON] Queue empty. Sleeping for 60s...
[DAEMON] Queue empty. Sleeping for 60s...
[DAEMON] Queue empty. Sleeping for 60s...
[DAEMON] Queue empty. Sleeping for 60s...
[DAEMON] Queue empty. Sleeping for 60s...
[DAEMON] Queue empty. Sleeping for 60s...
[DAEMON] Queue empty. Sleeping for 60s...
[DAEMON] Queue empty. Sleeping for 60s...
[DAEMON] Queue empty. Sleeping for 60s...
[DAEMON] Queue empty. Sleeping for 60s...
[DAEMON] Queue empty. Sleeping for 60s...
[DAEMON] Queue empty. Sleeping for 60s...
[DAEMON] Queue empty. Sleeping for 60s...
[DAEMON] Queue empty. Sleeping for 60s...
[DAEMON] Queue empty. Sleeping for 60s...
[DAEMON] Queue empty. Sleeping for 60s...
[DAEMON] Queue empty. Sleeping for 60s...
[DAEMON] Queue empty. Sleeping for 60s...
[DAEMON] Queue empty. Sleeping for 60s...
[DAEMON] Queue empty. Sleeping for 60s...
[DAEMON] Queue empty. Sleeping for 60s...
[DAEMON] Queue empty. Sleeping for 60s...
[DAEMON] Queue empty. Sleeping for 60s...
[DAEMON] Queue empty. Sleeping for 60s...
[DAEMON] Queue empty. Sleeping for 60s...
[DAEMON] Queue empty. Sleeping for 60s...
[DAEMON] Queue empty. Sleeping for 60s...
[DAEMON] Queue empty. Sleeping for 60s...
[DAEMON] Queue empty. Sleeping for 60s...
[DAEMON] Queue empty. Sleeping for 60s...
[DAEMON] Queue empty. Sleeping for 60s...
[DAEMON] Queue empty. Sleeping for 60s...
[DAEMON] Queue empty. Sleeping for 60s...
[DAEMON] Queue empty. Sleeping for 60s...
[DAEMON] Queue empty. Sleeping for 60s...
[DAEMON] Queue empty. Sleeping for 60s...
[DAEMON] Queue empty. Sleeping for 60s...
[DAEMON] Queue empty. Sleeping for 60s...
[DAEMON] Queue empty. Sleeping for 60s...
[DAEMON] Queue empty. Sleeping for 60s...
[DAEMON] Queue empty. Sleeping for 60s...
[DAEMON] Queue empty. Sleeping for 60s...
[DAEMON] Queue empty. Sleeping for 60s...
[DAEMON] Queue empty. Sleeping for 60s...
[DAEMON] Queue empty. Sleeping for 60s...
[DAEMON] Queue empty. Sleeping for 60s...
[DAEMON] Queue empty. Sleeping for 60s...
[DAEMON] Queue empty. Sleeping for 60s...
[DAEMON] Queue empty. Sleeping for 60s...
[DAEMON] Queue empty. Sleeping for 60s...
[DAEMON] Queue empty. Sleeping for 60s...
[DAEMON] Queue empty. Sleeping for 60s...
[DAEMON] Queue empty. Sleeping for 60s...
[DAEMON] Queue empty. Sleeping for 60s...
[DAEMON] Queue empty. Sleeping for 60s...
[DAEMON] Queue empty. Sleeping for 60s...
[DAEMON] Queue empty. Sleeping for 60s...
[DAEMON] Queue empty. Sleeping for 60s...
[DAEMON] Queue empty. Sleeping for 60s...
[DAEMON] Queue empty. Sleeping for 60s...
[DAEMON] Queue empty. Sleeping for 60s...
[DAEMON] Queue empty. Sleeping for 60s...
[DAEMON] Queue empty. Sleeping for 60s...
[DAEMON] Queue empty. Sleeping for 60s...
[DAEMON] Queue empty. Sleeping for 60s...
[DAEMON] Queue empty. Sleeping for 60s...
[DAEMON] Queue empty. Sleeping for 60s...
[DAEMON] Queue empty. Sleeping for 60s...
[DAEMON] Queue empty. Sleeping for 60s...
[DAEMON] Queue empty. Sleeping for 60s...
[DAEMON] Queue empty. Sleeping for 60s...
[DAEMON] Queue empty. Sleeping for 60s...
[DAEMON] Queue empty. Sleeping for 60s...
[DAEMON] Queue empty. Sleeping for 60s...
[DAEMON] Queue empty. Sleeping for 60s...
[DAEMON] Queue empty. Sleeping for 60s...
[DAEMON] Queue empty. Sleeping for 60s...
[DAEMON] Queue empty. Sleeping for 60s...
[DAEMON] Queue empty. Sleeping for 60s...
[DAEMON] Queue empty. Sleeping for 60s...
[DAEMON] Queue empty. Sleeping for 60s...
[DAEMON] Queue empty. Sleeping for 60s...
[DAEMON] Queue empty. Sleeping for 60s...
[DAEMON] Queue empty. Sleeping for 60s...
