{"id": "LEAD_1773657216_5", "platform": "threads", "username": "Athlete_107", "topic": "workout mobility | running", "confidence": "99%", "timestamp": "2026-03-16 13:33:36.683625", "status": "STAGED", "outreach_template": "influencer_equity"}
{"id": "LEAD_1773657217_6", "platform": "reddit", "username": "Athlete_107", "topic": "3D biomechanics | soccer", "confidence": "86%", "timestamp": "2026-03-16 13:33:37.059891", "status": "STAGED", "outreach_template": "influencer_equity"}
{"id": "LEAD_1773657217_7", "platform": "reddit", "username": "Athlete_694", "topic": "kinetic chain basketball | soccer", "confidence": "88%", "timestamp": "2026-03-16 13:33:37.165721", "status": "STAGED", "outreach_template": "influencer_equity"}
{"id": "LEAD_1773657217_8", "platform": "x", "username": "Athlete_785", "topic": "ankle dorsiflexion fix | running", "confidence": "85%", "timestamp": "2026-03-16 13:33:37.402049", "status": "STAGED", "outreach_template": "influencer_equity"}
{"id": "LEAD_1773657217_9", "platform": "x", "username": "Athlete_760", "topic": "workout mobility | powerlifting", "confidence": "85%", "timestamp": "2026-03-16 13:33:37.580678", "status": "STAGED", "outreach_template": "influencer_equity"}
{"id": "LEAD_1773657218_10", "platform": "reddit", "username": "Athlete_853", "topic": "workout mobility | basketball", "confidence": "93%", "timestamp": "2026-03-16 13:33:38.037350", "status": "STAGED", "outreach_template": "influencer_equity"}
{"id": "LEAD_1773657218_11", "platform": "x", "username": "Athlete_918", "topic": "ankle dorsiflexion fix | running", "confidence": "91%", "timestamp": "2026-03-16 13:33:38.192304", "status": "STAGED", "outreach_template": "influencer_equity"}
{"id": "LEAD_1773657218_12", "platform": "reddit", "username": "Athlete_518", "topic": "workout mobility | running", "confidence": "97%", "timestamp": "2026-03-16 13:33:38.505003", "status": "STAGED", "outreach_template": "influencer_equity"}
{"id": "LEAD_1773657218_13", "platform": "reddit", "username": "Athlete_818", "topic": "workout mobility | running", "confidence": "88%", "timestamp": "2026-03-16 13:33:38.996612", "status": "STAGED", "outreach_template": "influencer_equity"}
{"id": "LEAD_1773657219_14", "platform": "x", "username": "Athlete_885", "topic": "hip internal rotation | basketball", "confidence": "86%", "timestamp": "2026-03-16 13:33:39.174807", "status": "STAGED", "outreach_template": "influencer_equity"}
{"id": "LEAD_1773657219_15", "platform": "threads", "username": "Athlete_696", "topic": "3D biomechanics | powerlifting", "confidence": "86%", "timestamp": "2026-03-16 13:33:39.410831", "status": "STAGED", "outreach_template": "influencer_equity"}
{"id": "LEAD_1773657219_16", "platform": "threads", "username": "Athlete_489", "topic": "3D biomechanics | powerlifting", "confidence": "99%", "timestamp": "2026-03-16 13:33:39.780745", "status": "STAGED", "outreach_template": "influencer_equity"}
{"id": "LEAD_1773657220_17", "platform": "threads", "username": "Athlete_293", "topic": "hip internal rotation | powerlifting", "confidence": "88%", "timestamp": "2026-03-16 13:33:40.041877", "status": "STAGED", "outreach_template": "influencer_equity"}
{"id": "LEAD_1773657220_18", "platform": "reddit", "username": "Athlete_555", "topic": "3D biomechanics | powerlifting", "confidence": "87%", "timestamp": "2026-03-16 13:33:40.424795", "status": "STAGED", "outreach_template": "influencer_equity"}
{"id": "LEAD_1773657220_19", "platform": "x", "username": "Athlete_255", "topic": "knee pain sports | basketball", "confidence": "86%", "timestamp": "2026-03-16 13:33:40.534661", "status": "STAGED", "outreach_template": "influencer_equity"}
{"id": "LEAD_1773657220_20", "platform": "reddit", "username": "Athlete_613", "topic": "3D biomechanics | basketball", "confidence": "97%", "timestamp": "2026-03-16 13:33:40.828603", "status": "STAGED", "outreach_template": "influencer_equity"}
{"id": "LEAD_1773657221_21", "platform": "x", "username": "Athlete_165", "topic": "workout mobility | running", "confidence": "99%", "timestamp": "2026-03-16 13:33:41.101311", "status": "STAGED", "outreach_template": "influencer_equity"}
{"id": "LEAD_1773657221_22", "platform": "reddit", "username": "Athlete_225", "topic": "workout mobility | running", "confidence": "94%", "timestamp": "2026-03-16 13:33:41.566181", "status": "STAGED", "outreach_template": "influencer_equity"}
{"id": "LEAD_1773657222_23", "platform": "reddit", "username": "Athlete_546", "topic": "knee pain sports | powerlifting", "confidence": "87%", "timestamp": "2026-03-16 13:33:42.049868", "status": "STAGED", "outreach_template": "influencer_equity"}
{"id": "LEAD_1773657222_24", "platform": "x", "username": "Athlete_200", "topic": "hip internal rotation | soccer", "confidence": "99%", "timestamp": "2026-03-16 13:33:42.270776", "status": "STAGED", "outreach_template": "influencer_equity"}
{"id": "LEAD_1773657222_25", "platform": "reddit", "username": "Athlete_471", "topic": "kinetic chain basketball | basketball", "confidence": "87%", "timestamp": "2026-03-16 13:33:42.502144", "status": "STAGED", "outreach_template": "influencer_equity"}
{"id": "LEAD_1773657222_26", "platform": "x", "username": "Athlete_317", "topic": "hip internal rotation | soccer", "confidence": "91%", "timestamp": "2026-03-16 13:33:42.760531", "status": "STAGED", "outreach_template": "influencer_equity"}
{"id": "LEAD_1773657222_27", "platform": "reddit", "username": "Athlete_538", "topic": "hip internal rotation | soccer", "confidence": "92%", "timestamp": "2026-03-16 13:33:42.935262", "status": "STAGED", "outreach_template": "influencer_equity"}
{"id": "LEAD_1773657223_28", "platform": "reddit", "username": "Athlete_360", "topic": "knee pain sports | powerlifting", "confidence": "99%", "timestamp": "2026-03-16 13:33:43.210333", "status": "STAGED", "outreach_template": "influencer_equity"}
{"id": "LEAD_1773657223_29", "platform": "reddit", "username": "Athlete_900", "topic": "ankle dorsiflexion fix | basketball", "confidence": "92%", "timestamp": "2026-03-16 13:33:43.501858", "status": "STAGED", "outreach_template": "influencer_equity"}
{"id": "LEAD_1773657223_30", "platform": "threads", "username": "Athlete_223", "topic": "knee pain sports | powerlifting", "confidence": "98%", "timestamp": "2026-03-16 13:33:43.643877", "status": "STAGED", "outreach_template": "influencer_equity"}
{"id": "LEAD_1773657223_31", "platform": "x", "username": "Athlete_112", "topic": "hip internal rotation | powerlifting", "confidence": "94%", "timestamp": "2026-03-16 13:33:43.956280", "status": "STAGED", "outreach_template": "influencer_equity"}
{"id": "LEAD_1773657224_32", "platform": "threads", "username": "Athlete_930", "topic": "kinetic chain basketball | running", "confidence": "88%", "timestamp": "2026-03-16 13:33:44.104370", "status": "STAGED", "outreach_template": "influencer_equity"}
{"id": "LEAD_1773657224_33", "platform": "reddit", "username": "Athlete_239", "topic": "knee pain sports | running", "confidence": "92%", "timestamp": "2026-03-16 13:33:44.342165", "status": "STAGED", "outreach_template": "influencer_equity"}
{"id": "LEAD_1773657224_34", "platform": "threads", "username": "Athlete_507", "topic": "hip internal rotation | basketball", "confidence": "93%", "timestamp": "2026-03-16 13:33:44.586869", "status": "STAGED", "outreach_template": "influencer_equity"}
{"id": "LEAD_1773657225_35", "platform": "reddit", "username": "Athlete_907", "topic": "kinetic chain basketball | running", "confidence": "85%", "timestamp": "2026-03-16 13:33:45.096720", "status": "STAGED", "outreach_template": "influencer_equity"}
{"id": "LEAD_1773657225_36", "platform": "reddit", "username": "Athlete_456", "topic": "ankle dorsiflexion fix | soccer", "confidence": "97%", "timestamp": "2026-03-16 13:33:45.485859", "status": "STAGED", "outreach_template": "influencer_equity"}
{"id": "LEAD_1773657225_37", "platform": "x", "username": "Athlete_585", "topic": "3D biomechanics | basketball", "confidence": "85%", "timestamp": "2026-03-16 13:33:45.832653", "status": "STAGED", "outreach_template": "influencer_equity"}
{"id": "LEAD_1773657226_38", "platform": "x", "username": "Athlete_229", "topic": "kinetic chain basketball | basketball", "confidence": "87%", "timestamp": "2026-03-16 13:33:46.181016", "status": "STAGED", "outreach_template": "influencer_equity"}
{"id": "LEAD_1773657226_39", "platform": "x", "username": "Athlete_503", "topic": "workout mobility | running", "confidence": "99%", "timestamp": "2026-03-16 13:33:46.391747", "status": "STAGED", "outreach_template": "influencer_equity"}
{"id": "LEAD_1773657226_40", "platform": "x", "username": "Athlete_655", "topic": "kinetic chain basketball | basketball", "confidence": "97%", "timestamp": "2026-03-16 13:33:46.553765", "status": "STAGED", "outreach_template": "influencer_equity"}
{"id": "LEAD_1773657226_41", "platform": "threads", "username": "Athlete_784", "topic": "ankle dorsiflexion fix | powerlifting", "confidence": "87%", "timestamp": "2026-03-16 13:33:46.813484", "status": "STAGED", "outreach_template": "influencer_equity"}
{"id": "LEAD_1773657226_42", "platform": "threads", "username": "Athlete_905", "topic": "kinetic chain basketball | running", "confidence": "89%", "timestamp": "2026-03-16 13:33:46.956531", "status": "STAGED", "outreach_template": "influencer_equity"}
{"id": "LEAD_1773657227_43", "platform": "threads", "username": "Athlete_738", "topic": "3D biomechanics | running", "confidence": "88%", "timestamp": "2026-03-16 13:33:47.398322", "status": "STAGED", "outreach_template": "influencer_equity"}
{"id": "LEAD_1773657227_44", "platform": "threads", "username": "Athlete_396", "topic": "knee pain sports | soccer", "confidence": "89%", "timestamp": "2026-03-16 13:33:47.541570", "status": "STAGED", "outreach_template": "influencer_equity"}
{"id": "LEAD_1773657227_45", "platform": "threads", "username": "Athlete_579", "topic": "3D biomechanics | basketball", "confidence": "87%", "timestamp": "2026-03-16 13:33:47.985800", "status": "STAGED", "outreach_template": "influencer_equity"}
{"id": "LEAD_1773657228_46", "platform": "threads", "username": "Athlete_667", "topic": "knee pain sports | running", "confidence": "94%", "timestamp": "2026-03-16 13:33:48.479056", "status": "STAGED", "outreach_template": "influencer_equity"}
{"id": "LEAD_1773657228_47", "platform": "reddit", "username": "Athlete_247", "topic": "3D biomechanics | powerlifting", "confidence": "85%", "timestamp": "2026-03-16 13:33:48.912882", "status": "STAGED", "outreach_template": "influencer_equity"}
{"id": "LEAD_1773657229_48", "platform": "reddit", "username": "Athlete_216", "topic": "workout mobility | basketball", "confidence": "98%", "timestamp": "2026-03-16 13:33:49.325485", "status": "STAGED", "outreach_template": "influencer_equity"}
{"id": "LEAD_1773657229_49", "platform": "reddit", "username": "Athlete_627", "topic": "hip internal rotation | running", "confidence": "96%", "timestamp": "2026-03-16 13:33:49.658951", "status": "STAGED", "outreach_template": "influencer_equity"}
